--------
/gpfs/fs1/home/choman/Snap-2.3/examples/mhrw/newty.Err
Mon Feb 16 22:46:18 2015
Message: TVec::Resize: std::exception, Length:134217728, Capacity:268435456, New capacity:-1, Type:4TVecI11THashKeyDatI4TIntN8TUNGraph5TNodeEEiE [Program failed to allocate more memory. Solution: Get a bigger machine and a 64-bit compiler.]
Execution stopped: Fail, file ../glib-core/ds.h, line 753
--------
--------
/gpfs/fs1/home/choman/Snap-2.3/examples/mhrw/newty.Err
Mon Feb 16 22:46:23 2015
Message: TVec::Resize: std::exception, Length:268435456, Capacity:536870912, New capacity:-1, Type:4TVecI11THashKeyDatI4TIntN8TUNGraph5TNodeEEiE [Program failed to allocate more memory. Solution: Get a bigger machine and a 64-bit compiler.]
Execution stopped: Fail, file ../glib-core/ds.h, line 753
--------
--------
/gpfs/fs1/home/choman/Snap-2.3/examples/mhrw/newty.Err
Mon Feb 16 22:46:42 2015
Message: TVec::Resize: std::exception, Length:268435456, Capacity:536870912, New capacity:-1, Type:4TVecI11THashKeyDatI4TIntN8TUNGraph5TNodeEEiE [Program failed to allocate more memory. Solution: Get a bigger machine and a 64-bit compiler.]
Execution stopped: Fail, file ../glib-core/ds.h, line 753
--------
--------
/gpfs/fs1/home/choman/Snap-2.3/examples/mhrw/newty.Err
Mon Feb 16 22:46:46 2015
Message: TVec::Resize: std::exception, Length:268435456, Capacity:536870912, New capacity:-1, Type:4TVecI11THashKeyDatI4TIntN8TUNGraph5TNodeEEiE [Program failed to allocate more memory. Solution: Get a bigger machine and a 64-bit compiler.]
Execution stopped: Fail, file ../glib-core/ds.h, line 753
--------
--------
/gpfs/fs1/home/choman/Snap-2.3/examples/mhrw/newty.Err
Mon Feb 16 22:46:57 2015
Message: TVec::Resize: std::exception, Length:268435456, Capacity:536870912, New capacity:-1, Type:4TVecI11THashKeyDatI4TIntN8TUNGraph5TNodeEEiE [Program failed to allocate more memory. Solution: Get a bigger machine and a 64-bit compiler.]
Execution stopped: Fail, file ../glib-core/ds.h, line 753
--------
--------
/gpfs/fs1/home/choman/Snap-2.3/examples/mhrw/newty.Err
Mon Feb 16 22:53:09 2015
Message: TVec::Resize: std::exception, Length:134217728, Capacity:268435456, New capacity:-1, Type:4TVecI11THashKeyDatI4TIntN8TUNGraph5TNodeEEiE [Program failed to allocate more memory. Solution: Get a bigger machine and a 64-bit compiler.]
Execution stopped: Fail, file ../glib-core/ds.h, line 753
--------
--------
/gpfs/fs1/home/choman/Snap-2.3/examples/mhrw/newty.Err
Mon Feb 16 22:56:40 2015
Message: TVec::Resize: std::exception, Length:268435456, Capacity:536870912, New capacity:-1, Type:4TVecI11THashKeyDatI4TIntN8TUNGraph5TNodeEEiE [Program failed to allocate more memory. Solution: Get a bigger machine and a 64-bit compiler.]
Execution stopped: Fail, file ../glib-core/ds.h, line 753
--------
--------
/gpfs/fs1/home/choman/Snap-2.3/examples/mhrw/newty.Err
Mon Feb 16 22:57:15 2015
Message: TVec::Resize: std::exception, Length:536870912, Capacity:1073741824, New capacity:-1, Type:4TVecI11THashKeyDatI4TIntN8TUNGraph5TNodeEEiE [Program failed to allocate more memory. Solution: Get a bigger machine and a 64-bit compiler.]
Execution stopped: Fail, file ../glib-core/ds.h, line 753
--------
--------
/gpfs/fs1/home/choman/Snap-2.3/examples/mhrw/newty.Err
Mon Feb 16 22:59:21 2015
Execution stopped: IsNode(SrcNId) && IsNode(DstNId) [Reason:'1206983416 or 524288 not a node.'], file graph.cpp, line 85
--------
--------
/gpfs/fs1/home/choman/Snap-2.3/examples/mhrw/newty.Err
Mon Feb 16 22:59:21 2015
Execution stopped: IsNode(SrcNId) && IsNode(DstNId) [Reason:'2135628536 or 524288 not a node.'], file graph.cpp, line 85
--------
--------
/gpfs/fs1/home/choman/Snap-2.3/examples/mhrw/newty.Err
Mon Feb 16 22:59:27 2015
Execution stopped: IsNode(SrcNId) && IsNode(DstNId) [Reason:'1613077240 or 524288 not a node.'], file graph.cpp, line 85
--------
--------
/gpfs/fs1/home/choman/Snap-2.3/examples/mhrw/newty.Err
Mon Feb 16 22:59:27 2015
Execution stopped: IsNode(SrcNId) && IsNode(DstNId) [Reason:'-1067840776 or 524288 not a node.'], file graph.cpp, line 85
--------
--------
/gpfs/fs1/home/choman/Snap-2.3/examples/mhrw/newty.Err
Mon Feb 16 23:02:41 2015
Execution stopped: IsNode(SrcNId) && IsNode(DstNId) [Reason:'1453435640 or 524288 not a node.'], file graph.cpp, line 85
--------
--------
/gpfs/fs1/home/choman/Snap-2.3/examples/mhrw/newty.Err
Mon Feb 16 23:02:44 2015
Execution stopped: IsNode(SrcNId) && IsNode(DstNId) [Reason:'983960312 or 524288 not a node.'], file graph.cpp, line 85
--------
